<?xml version="1.0" encoding="UTF-8"?>
<testsuites name="Mocha Tests" time="0.0000" tests="1" failures="1">
  <testsuite name="Root Suite" timestamp="2021-10-18T09:07:08" tests="0" file="cypress/integration/APIs/API.js" time="0.0000" failures="0">
  </testsuite>
  <testsuite name="API Testing" timestamp="2021-10-18T09:07:08" tests="0" time="0.0000" failures="0">
  </testsuite>
  <testsuite name="ConnectorType" timestamp="2021-10-18T09:07:08" tests="1" time="0.0000" failures="1">
    <testcase name="API Testing ConnectorType &quot;before each&quot; hook for &quot;ConnectorType - GET&quot;" time="0.0000" classname="&quot;before each&quot; hook for &quot;ConnectorType - GET&quot;">
      <failure message="cy.getToken is not a function

Because this error occurred during a `before each` hook we are skipping the remaining tests in the current suite: `API Testing`" type="TypeError"><![CDATA[TypeError: cy.getToken is not a function

Because this error occurred during a `before each` hook we are skipping the remaining tests in the current suite: `API Testing`
    at Context.eval (http://localhost:3000/__cypress/tests?p=cypress\integration\APIs\API.js:9:8)]]></failure>
    </testcase>
  </testsuite>
</testsuites>