<?xml version="1.0" encoding="UTF-8"?>
<testsuites name="Mocha Tests" time="0.0000" tests="6" failures="1" skipped="5">
  <testsuite name="Root Suite" timestamp="2021-10-18T09:07:13" tests="0" file="cypress/integration/LoginPage.feature" time="0.0000" failures="0">
  </testsuite>
  <testsuite name="Login Page" timestamp="2021-10-18T09:07:13" tests="6" time="0.0000" failures="1">
    <testcase name="Login Page The user is redirected to the salesforce login page when requesting to sign in" time="0.0000" classname="The user is redirected to the salesforce login page when requesting to sign in">
      <failure message="Timed out retrying after 4000ms: Expected to find element: `.c-login-start__btn`, but never found it." type="AssertionError"><![CDATA[AssertionError: Timed out retrying after 4000ms: Expected to find element: `.c-login-start__btn`, but never found it.
    at LoginPage_PO.getSignInButton (http://localhost:3000/__cypress/tests?p=cypress\integration\LoginPage.feature:155:17)
    at Context.eval (http://localhost:3000/__cypress/tests?p=cypress\integration\LoginPage.feature:63:16)
    at Context.resolveAndRunStepDefinition (http://localhost:3000/__cypress/tests?p=cypress\integration\LoginPage.feature:10592:29)
    at Context.eval (http://localhost:3000/__cypress/tests?p=cypress\integration\LoginPage.feature:9924:35)]]></failure>
    </testcase>
  </testsuite>
</testsuites>